[2026-03-06T23:11:40.712Z] [INFO] Received command execution request: ping -c 4 8.8.8.8
[2026-03-06T23:11:43.779Z] [INFO] Command 1772838700723zavyhfp completed successfully | Meta: {"command":"ping -c 4 8.8.8.8"}
[2026-03-06T23:12:06.144Z] [INFO] Received command execution request: ping -c 4 http://challenge01.root-me.org/web-serveur/ch1/
[2026-03-06T23:12:06.166Z] [ERROR] Command 1772838726148vz6elvq failed | Meta: {"command":"ping -c 4 http://challenge01.root-me.org/web-serveur/ch1/","error":{}}
[2026-03-06T23:12:34.330Z] [INFO] Received command execution request: ping -c 4 challenge01.root-me.org
[2026-03-06T23:12:37.388Z] [INFO] Command 17728387543341lu5k2u completed successfully | Meta: {"command":"ping -c 4 challenge01.root-me.org"}
{"timestamp":"2026-03-07T00:46:19.322Z","level":"INFO","message":"Received command execution request for session default: curl -I http://challenge01.root-me.org/web-serveur/ch1/","metadata":{}}
{"timestamp":"2026-03-07T00:46:19.542Z","level":"INFO","message":"Command 1772844379363qasbx59 in session default completed successfully","metadata":{}}
{"timestamp":"2026-03-07T00:49:35.236Z","level":"INFO","message":"Received command execution request for session default: curl -v http://challenge01.root-me.org/web-serveur/ch1/","metadata":{}}
{"timestamp":"2026-03-07T00:49:35.319Z","level":"INFO","message":"Command 1772844575250lfxirz1 in session default completed successfully","metadata":{}}
{"timestamp":"2026-03-07T00:52:34.746Z","level":"INFO","message":"New timeline event added of type: note to session: default","metadata":{}}
{"timestamp":"2026-03-07T17:18:47.901Z","level":"INFO","message":"Timeline event deleted: 1772844379363qasbx59 from session: default","metadata":{}}
{"timestamp":"2026-03-07T17:18:56.839Z","level":"INFO","message":"Timeline event deleted: 1772844754713yy9m0la from session: default","metadata":{}}
{"timestamp":"2026-03-07T17:18:59.591Z","level":"INFO","message":"Timeline event deleted: 1772844575250lfxirz1 from session: default","metadata":{}}
{"timestamp":"2026-03-07T17:41:25.792Z","level":"INFO","message":"DB cleanup: cleared 8 log entries","metadata":{}}
{"timestamp":"2026-03-07T17:41:25.844Z","level":"INFO","message":"DB cleanup: VACUUM complete","metadata":{}}
{"timestamp":"2026-03-07T17:41:28.175Z","level":"INFO","message":"DB cleanup: VACUUM complete","metadata":{}}
{"timestamp":"2026-03-07T17:41:29.434Z","level":"INFO","message":"DB cleanup: cleared 3 log entries","metadata":{}}
{"timestamp":"2026-03-07T17:41:29.479Z","level":"INFO","message":"DB cleanup: VACUUM complete","metadata":{}}
{"timestamp":"2026-03-07T17:41:31.805Z","level":"INFO","message":"DB cleanup: cleared 2 log entries","metadata":{}}
{"timestamp":"2026-03-07T17:41:32.900Z","level":"INFO","message":"DB cleanup: cleared 1 log entries","metadata":{}}
{"timestamp":"2026-03-07T17:41:33.646Z","level":"INFO","message":"DB cleanup: cleared 1 log entries","metadata":{}}
{"timestamp":"2026-03-07T17:41:34.112Z","level":"INFO","message":"DB cleanup: VACUUM complete","metadata":{}}
{"timestamp":"2026-03-07T17:41:35.002Z","level":"INFO","message":"DB cleanup: cleared 2 log entries","metadata":{}}
{"timestamp":"2026-03-07T17:41:35.348Z","level":"INFO","message":"DB cleanup: cleared 1 log entries","metadata":{}}
{"timestamp":"2026-03-07T17:41:35.389Z","level":"INFO","message":"DB cleanup: VACUUM complete","metadata":{}}
{"timestamp":"2026-03-07T17:42:46.909Z","level":"INFO","message":"Writeup saved for session default","metadata":{"status":"draft","visibility":"draft"}}
{"timestamp":"2026-03-07T17:46:08.846Z","level":"INFO","message":"Writeup saved for session default","metadata":{"status":"draft","visibility":"draft"}}
{"timestamp":"2026-03-07T18:34:28.561Z","level":"INFO","message":"Received command execution request for session default: ping -c 4 8.8.8.8","metadata":{}}
{"timestamp":"2026-03-07T18:34:31.676Z","level":"INFO","message":"Command 17729084686038ihpg09 in session default completed successfully","metadata":{}}
{"timestamp":"2026-03-07T20:46:36.369Z","level":"INFO","message":"Received command execution request for session html---source-code: curl -v http://challenge01.root-me.org/web-serveur/ch1/","metadata":{}}
{"timestamp":"2026-03-07T20:46:36.636Z","level":"INFO","message":"Command 17729163964162rl5hjh in session html---source-code completed successfully","metadata":{}}
{"timestamp":"2026-03-07T20:47:03.494Z","level":"INFO","message":"New timeline event added of type: note to session: html---source-code","metadata":{}}
{"timestamp":"2026-03-07T20:47:37.089Z","level":"INFO","message":"Screenshot uploaded: 1772916457043-imagen_2026-03-07_214735189.png for session html---source-code","metadata":{}}
{"timestamp":"2026-03-07T20:48:50.648Z","level":"INFO","message":"Screenshot metadata updated: 1772916457063puvzsm3","metadata":{}}
{"timestamp":"2026-03-07T20:49:37.432Z","level":"INFO","message":"New timeline event added of type: note to session: html---source-code","metadata":{}}
{"timestamp":"2026-03-09T21:22:48.726Z","level":"INFO","message":"Finding created for session: sess-fad74e92","metadata":{}}
{"timestamp":"2026-03-09T21:22:48.851Z","level":"INFO","message":"Finding deleted: 1 from session: sess-fad74e92","metadata":{}}
{"timestamp":"2026-03-09T21:24:23.556Z","level":"INFO","message":"Finding created for session: sess-69166fc7","metadata":{}}
{"timestamp":"2026-03-09T21:24:23.586Z","level":"INFO","message":"Finding deleted: 1 from session: sess-69166fc7","metadata":{}}
{"timestamp":"2026-03-09T21:24:58.977Z","level":"INFO","message":"Finding created for session: sess-cb56d14a","metadata":{}}
{"timestamp":"2026-03-09T21:24:59.007Z","level":"INFO","message":"Finding deleted: 5 from session: sess-cb56d14a","metadata":{}}
{"timestamp":"2026-03-09T21:25:29.700Z","level":"INFO","message":"Finding created for session: sess-fb7d94f4","metadata":{}}
{"timestamp":"2026-03-09T21:25:31.163Z","level":"INFO","message":"Finding deleted: 1 from session: sess-fb7d94f4","metadata":{}}
{"timestamp":"2026-03-09T21:26:47.386Z","level":"INFO","message":"Finding created for session: sess-6dd4ed15","metadata":{}}
{"timestamp":"2026-03-09T21:26:47.423Z","level":"INFO","message":"Finding deleted: 9 from session: sess-6dd4ed15","metadata":{}}
{"timestamp":"2026-03-09T21:28:51.474Z","level":"INFO","message":"Finding created for session: sess-a7b32f50","metadata":{}}
{"timestamp":"2026-03-09T21:28:51.503Z","level":"INFO","message":"Finding deleted: 1 from session: sess-a7b32f50","metadata":{}}
{"timestamp":"2026-03-09T22:37:43.920Z","level":"INFO","message":"Received command execution request for session sess-3437d69e: echo test","metadata":{}}
{"timestamp":"2026-03-09T22:37:43.937Z","level":"INFO","message":"Command 1773095863927fzy2xap in session sess-3437d69e completed successfully","metadata":{}}
{"timestamp":"2026-03-09T22:37:43.974Z","level":"INFO","message":"Received command execution request for session sess-a8220db1: sleep 5","metadata":{}}
{"timestamp":"2026-03-09T22:37:45.570Z","level":"INFO","message":"Received command execution request for session sess-ad8f658c: sleep 10","metadata":{}}
{"timestamp":"2026-03-09T22:37:46.570Z","level":"ERROR","message":"Command 1773095865570ag2cuu5 in session sess-ad8f658c failed","metadata":{"command":"sleep 10","code":1,"signal":"SIGTERM"}}
{"timestamp":"2026-03-09T22:37:46.570Z","level":"INFO","message":"Screenshot uploaded: 1773095866570-proof.png for session sess-2a426302","metadata":{}}
{"timestamp":"2026-03-09T22:37:46.570Z","level":"INFO","message":"Screenshot uploaded: 1773095866570-proof.png for session sess-68d2c6b4","metadata":{}}
{"timestamp":"2026-03-09T22:37:46.570Z","level":"INFO","message":"Screenshot uploaded: 1773095866570-proof.png for session sess-508346c2","metadata":{}}
{"timestamp":"2026-03-09T22:37:46.570Z","level":"INFO","message":"Screenshot metadata updated: 1773095866570c1h6eku","metadata":{}}
{"timestamp":"2026-03-09T22:37:46.570Z","level":"INFO","message":"Finding created for session: sess-10cdac31","metadata":{}}
{"timestamp":"2026-03-09T22:37:46.570Z","level":"INFO","message":"Finding deleted: 4 from session: sess-10cdac31","metadata":{}}
{"timestamp":"2026-03-09T22:39:33.155Z","level":"INFO","message":"Received command execution request for session sess-4f7fd5f9: echo test","metadata":{}}
{"timestamp":"2026-03-09T22:39:33.173Z","level":"INFO","message":"Command 1773095973163n2sxvtv in session sess-4f7fd5f9 completed successfully","metadata":{}}
{"timestamp":"2026-03-09T22:39:33.205Z","level":"INFO","message":"Received command execution request for session sess-17838418: sleep 5","metadata":{}}
{"timestamp":"2026-03-09T22:39:34.740Z","level":"INFO","message":"Received command execution request for session sess-ffe39748: sleep 10","metadata":{}}
{"timestamp":"2026-03-09T22:40:41.971Z","level":"INFO","message":"Received command execution request for session sess-393f4d89: echo test","metadata":{}}
{"timestamp":"2026-03-09T22:40:42.117Z","level":"ERROR","message":"Failed to start command execution","metadata":{"sessionId":"sess-393f4d89","eventId":"17730960421094mnl3ky","error":{}}}
{"timestamp":"2026-03-09T22:40:42.194Z","level":"INFO","message":"Received command execution request for session sess-d1c04bdd: sleep 5","metadata":{}}
{"timestamp":"2026-03-09T22:40:42.206Z","level":"ERROR","message":"Failed to start command execution","metadata":{"sessionId":"sess-d1c04bdd","eventId":"1773096042200hr7wlhu","error":{}}}
{"timestamp":"2026-03-09T22:40:42.237Z","level":"INFO","message":"Received command execution request for session sess-5fa5e7eb: sleep 10","metadata":{}}
{"timestamp":"2026-03-09T22:40:42.237Z","level":"ERROR","message":"Failed to start command execution","metadata":{"sessionId":"sess-5fa5e7eb","eventId":"1773096042237a55qdjn","error":{}}}
{"timestamp":"2026-03-09T22:41:37.019Z","level":"INFO","message":"Received command execution request for session sess-36c0a18c: echo test","metadata":{}}
{"timestamp":"2026-03-09T22:41:37.040Z","level":"INFO","message":"Command 17730960970290zau4wf in session sess-36c0a18c completed successfully","metadata":{}}
{"timestamp":"2026-03-09T22:41:37.066Z","level":"INFO","message":"Received command execution request for session sess-d5da07b3: sleep 5","metadata":{}}
{"timestamp":"2026-03-09T22:41:38.624Z","level":"INFO","message":"Received command execution request for session sess-d9427fa9: sleep 10","metadata":{}}
{"timestamp":"2026-03-09T22:42:40.054Z","level":"INFO","message":"Received command execution request for session sess-183f9fe9: echo test","metadata":{}}
{"timestamp":"2026-03-09T22:42:40.068Z","level":"INFO","message":"Command 17730961600613t3fdto in session sess-183f9fe9 completed successfully","metadata":{}}
{"timestamp":"2026-03-09T22:42:40.093Z","level":"INFO","message":"Received command execution request for session sess-d2f393e8: sleep 5","metadata":{}}
{"timestamp":"2026-03-09T22:42:41.652Z","level":"INFO","message":"Received command execution request for session sess-c152dd73: sleep 10","metadata":{}}
{"timestamp":"2026-03-09T22:42:54.663Z","level":"INFO","message":"Received command execution request for session sess-8f5d26a3: echo test","metadata":{}}
{"timestamp":"2026-03-09T22:42:54.681Z","level":"INFO","message":"Command 1773096174671580xubg in session sess-8f5d26a3 completed successfully","metadata":{}}
{"timestamp":"2026-03-09T22:42:54.709Z","level":"INFO","message":"Received command execution request for session sess-610b0853: sleep 5","metadata":{}}
{"timestamp":"2026-03-09T22:42:56.243Z","level":"INFO","message":"Received command execution request for session sess-4dd41704: sleep 10","metadata":{}}
{"timestamp":"2026-03-09T22:42:56.397Z","level":"INFO","message":"Screenshot uploaded: 1773096176389-proof.png for session sess-ef14463d","metadata":{}}
{"timestamp":"2026-03-09T22:42:56.431Z","level":"INFO","message":"Screenshot uploaded: 1773096176424-proof.png for session sess-daccafee","metadata":{}}
{"timestamp":"2026-03-09T22:42:56.522Z","level":"INFO","message":"Screenshot uploaded: 1773096176480-proof.png for session sess-f3167d4b","metadata":{}}
{"timestamp":"2026-03-09T22:42:56.555Z","level":"INFO","message":"Screenshot metadata updated: 1773096176481in7ppqf","metadata":{}}
{"timestamp":"2026-03-09T22:42:56.647Z","level":"INFO","message":"Finding created for session: sess-8b969a05","metadata":{}}
{"timestamp":"2026-03-09T22:42:56.674Z","level":"INFO","message":"Finding deleted: 1 from session: sess-8b969a05","metadata":{}}
{"timestamp":"2026-03-09T22:49:14.714Z","level":"INFO","message":"Received command execution request for session sess-75cbb4b2: echo test","metadata":{}}
{"timestamp":"2026-03-09T22:49:14.730Z","level":"INFO","message":"Command 17730965547217odneiw in session sess-75cbb4b2 completed successfully","metadata":{}}
{"timestamp":"2026-03-09T22:49:14.758Z","level":"INFO","message":"Received command execution request for session sess-9066ce9f: sleep 5","metadata":{}}
{"timestamp":"2026-03-09T22:49:16.291Z","level":"INFO","message":"Received command execution request for session sess-fabd8306: sleep 10","metadata":{}}
{"timestamp":"2026-03-09T22:49:16.483Z","level":"INFO","message":"Screenshot uploaded: 1773096556435-proof.png for session sess-5eaa27d0","metadata":{}}
{"timestamp":"2026-03-09T22:49:16.513Z","level":"INFO","message":"Screenshot uploaded: 1773096556507-proof.png for session sess-fb49f9f6","metadata":{}}
{"timestamp":"2026-03-09T22:49:16.546Z","level":"INFO","message":"Screenshot uploaded: 1773096556533-proof.png for session sess-7a7b86a9","metadata":{}}
{"timestamp":"2026-03-09T22:49:16.557Z","level":"INFO","message":"Screenshot metadata updated: 1773096556533hnzgoim","metadata":{}}
{"timestamp":"2026-03-09T22:49:17.145Z","level":"INFO","message":"Finding created for session: sess-b9581050","metadata":{}}
{"timestamp":"2026-03-09T22:49:17.171Z","level":"INFO","message":"Finding deleted: 8 from session: sess-b9581050","metadata":{}}
{"timestamp":"2026-03-09T23:09:24.321Z","level":"INFO","message":"Received command execution request for session sess-a3f7da34: echo test","metadata":{}}
{"timestamp":"2026-03-09T23:09:24.340Z","level":"INFO","message":"Command 1773097764329hupwsv6 in session sess-a3f7da34 completed successfully","metadata":{}}
{"timestamp":"2026-03-09T23:09:24.383Z","level":"INFO","message":"Received command execution request for session sess-850278cf: sleep 5","metadata":{}}
{"timestamp":"2026-03-09T23:09:25.925Z","level":"INFO","message":"Received command execution request for session sess-46c0774b: sleep 10","metadata":{}}
{"timestamp":"2026-03-09T23:09:25.979Z","level":"INFO","message":"Received command execution request for session sess-80e5785c: echo test","metadata":{}}
{"timestamp":"2026-03-09T23:09:25.995Z","level":"INFO","message":"Command 177309776598615bxx4i in session sess-80e5785c completed successfully","metadata":{}}
{"timestamp":"2026-03-09T23:09:26.003Z","level":"WARN","message":"Timeline event update did not persist during command execution","metadata":{"sessionId":"sess-80e5785c","eventId":"177309776598615bxx4i","updates":{"status":"success","output":"Command executed successfully with no output."}}}
{"timestamp":"2026-03-09T23:09:26.029Z","level":"INFO","message":"Received command execution request for session sess-328e81e1: echo test","metadata":{}}
{"timestamp":"2026-03-09T23:09:26.042Z","level":"INFO","message":"Command 1773097766037gamq4yv in session sess-328e81e1 completed successfully","metadata":{}}
{"timestamp":"2026-03-09T23:09:26.050Z","level":"ERROR","message":"Failed to update timeline event during command execution","metadata":{"sessionId":"sess-328e81e1","eventId":"1773097766037gamq4yv","error":{}}}
{"timestamp":"2026-03-09T23:09:26.369Z","level":"INFO","message":"Screenshot uploaded: 1773097766362-proof.png for session sess-7a41c46c","metadata":{}}
{"timestamp":"2026-03-09T23:09:26.404Z","level":"INFO","message":"Screenshot uploaded: 1773097766397-proof.png for session sess-c7c985a6","metadata":{}}
{"timestamp":"2026-03-09T23:09:26.438Z","level":"INFO","message":"Screenshot uploaded: 1773097766431-proof.png for session sess-8ee9b6d2","metadata":{}}
{"timestamp":"2026-03-09T23:09:26.453Z","level":"INFO","message":"Screenshot metadata updated: 1773097766431fofecb7","metadata":{}}
{"timestamp":"2026-03-09T23:09:26.658Z","level":"INFO","message":"Finding created for session: sess-e0bce7bc","metadata":{}}
{"timestamp":"2026-03-09T23:09:26.686Z","level":"INFO","message":"Finding deleted: 8 from session: sess-e0bce7bc","metadata":{}}
{"timestamp":"2026-03-09T23:57:52.334Z","level":"WARN","message":"Command execution rejected because it is disabled in the current environment","metadata":{"nodeEnv":"production","sessionId":"sess-892ab82c"}}
{"timestamp":"2026-03-09T23:57:52.383Z","level":"INFO","message":"Received command execution request for session sess-57ca0daa: echo test","metadata":{}}
{"timestamp":"2026-03-09T23:57:52.607Z","level":"INFO","message":"Command 17731006725982xj1klk in session sess-57ca0daa completed successfully","metadata":{}}
{"timestamp":"2026-03-09T23:57:52.641Z","level":"INFO","message":"Received command execution request for session sess-87077f7b: sleep 5","metadata":{}}
{"timestamp":"2026-03-09T23:57:54.186Z","level":"INFO","message":"Received command execution request for session sess-ef263c2b: sleep 10","metadata":{}}
{"timestamp":"2026-03-09T23:57:54.252Z","level":"INFO","message":"Received command execution request for session sess-d335bd79: echo test","metadata":{}}
{"timestamp":"2026-03-09T23:57:54.263Z","level":"INFO","message":"Command 1773100674257fp11bsx in session sess-d335bd79 completed successfully","metadata":{}}
{"timestamp":"2026-03-09T23:57:54.271Z","level":"WARN","message":"Timeline event update did not persist during command execution","metadata":{"sessionId":"sess-d335bd79","eventId":"1773100674257fp11bsx","updates":{"status":"success","output":"Command executed successfully with no output."}}}
{"timestamp":"2026-03-09T23:57:54.326Z","level":"INFO","message":"Received command execution request for session sess-5e3b1a27: echo test","metadata":{}}
{"timestamp":"2026-03-09T23:57:54.344Z","level":"INFO","message":"Command 17731006743363czfgku in session sess-5e3b1a27 completed successfully","metadata":{}}
{"timestamp":"2026-03-09T23:57:54.359Z","level":"ERROR","message":"Failed to update timeline event during command execution","metadata":{"sessionId":"sess-5e3b1a27","eventId":"17731006743363czfgku","error":{}}}
{"timestamp":"2026-03-09T23:57:54.869Z","level":"INFO","message":"Screenshot uploaded: 1773100674860-proof.png for session sess-a802941c","metadata":{}}
{"timestamp":"2026-03-09T23:57:54.903Z","level":"INFO","message":"Screenshot uploaded: 1773100674895-proof.png for session sess-418f19a5","metadata":{}}
{"timestamp":"2026-03-09T23:57:55.006Z","level":"INFO","message":"Screenshot uploaded: 1773100674999-proof.png for session sess-adffe358","metadata":{}}
{"timestamp":"2026-03-09T23:57:55.021Z","level":"INFO","message":"Screenshot metadata updated: 1773100675000g1y9i28","metadata":{}}
{"timestamp":"2026-03-09T23:57:55.582Z","level":"INFO","message":"Finding created for session: sess-92329fc0","metadata":{}}
{"timestamp":"2026-03-09T23:57:55.603Z","level":"INFO","message":"Finding deleted: 9 from session: sess-92329fc0","metadata":{}}
{"timestamp":"2026-03-10T00:33:42.436Z","level":"WARN","message":"Command execution rejected because it is disabled in the current environment","metadata":{"nodeEnv":"production","sessionId":"sess-2292fd63"}}
{"timestamp":"2026-03-10T00:33:42.478Z","level":"INFO","message":"Received command execution request for session sess-1118f6bb: echo test","metadata":{}}
{"timestamp":"2026-03-10T00:33:42.549Z","level":"INFO","message":"Command 1773102822496x9nw2xs in session sess-1118f6bb completed successfully","metadata":{}}
{"timestamp":"2026-03-10T00:33:42.615Z","level":"INFO","message":"Received command execution request for session sess-d0440d96: sleep 5","metadata":{}}
{"timestamp":"2026-03-10T00:33:44.165Z","level":"INFO","message":"Received command execution request for session sess-602692cb: sleep 10","metadata":{}}
{"timestamp":"2026-03-10T00:33:44.297Z","level":"INFO","message":"Received command execution request for session sess-68c2f74e: echo test","metadata":{}}
{"timestamp":"2026-03-10T00:33:44.319Z","level":"INFO","message":"Command 177310282430803x3e9d in session sess-68c2f74e completed successfully","metadata":{}}
{"timestamp":"2026-03-10T00:33:44.326Z","level":"WARN","message":"Timeline event update did not persist during command execution","metadata":{"sessionId":"sess-68c2f74e","eventId":"177310282430803x3e9d","updates":{"status":"success","output":"Command executed successfully with no output."}}}
{"timestamp":"2026-03-10T00:33:44.357Z","level":"INFO","message":"Received command execution request for session sess-1b554f61: echo test","metadata":{}}
{"timestamp":"2026-03-10T00:33:44.367Z","level":"INFO","message":"Command 1773102824361d6b1y3g in session sess-1b554f61 completed successfully","metadata":{}}
{"timestamp":"2026-03-10T00:33:44.372Z","level":"ERROR","message":"Failed to update timeline event during command execution","metadata":{"sessionId":"sess-1b554f61","eventId":"1773102824361d6b1y3g","error":{}}}
{"timestamp":"2026-03-10T00:33:44.951Z","level":"INFO","message":"Screenshot uploaded: 1773102824895-proof.png for session sess-44e5d5fe","metadata":{}}
{"timestamp":"2026-03-10T00:33:44.995Z","level":"INFO","message":"Screenshot uploaded: 1773102824987-proof.png for session sess-825556ce","metadata":{}}
{"timestamp":"2026-03-10T00:33:45.055Z","level":"INFO","message":"Screenshot uploaded: 1773102825042-proof.png for session sess-05e10ede","metadata":{}}
{"timestamp":"2026-03-10T00:33:45.077Z","level":"INFO","message":"Screenshot metadata updated: 1773102825043bya6rhb","metadata":{}}
{"timestamp":"2026-03-10T00:33:45.406Z","level":"INFO","message":"Finding created for session: sess-08e94f34","metadata":{}}
{"timestamp":"2026-03-10T00:33:45.432Z","level":"INFO","message":"Finding deleted: 8 from session: sess-08e94f34","metadata":{}}
{"timestamp":"2026-03-10T00:36:17.072Z","level":"WARN","message":"Command execution rejected because it is disabled in the current environment","metadata":{"nodeEnv":"production","sessionId":"sess-587b5929"}}
{"timestamp":"2026-03-10T00:36:17.110Z","level":"INFO","message":"Received command execution request for session sess-bd6f3066: echo test","metadata":{}}
{"timestamp":"2026-03-10T00:36:17.127Z","level":"INFO","message":"Command 1773102977118o821hfi in session sess-bd6f3066 completed successfully","metadata":{}}
{"timestamp":"2026-03-10T00:36:17.368Z","level":"INFO","message":"Received command execution request for session sess-dbf6cf29: sleep 5","metadata":{}}
{"timestamp":"2026-03-10T00:36:18.922Z","level":"INFO","message":"Received command execution request for session sess-a506d876: sleep 10","metadata":{}}
{"timestamp":"2026-03-10T00:36:19.002Z","level":"INFO","message":"Received command execution request for session sess-1c7c8e59: echo test","metadata":{}}
{"timestamp":"2026-03-10T00:36:19.026Z","level":"INFO","message":"Command 1773102979012je4g5qr in session sess-1c7c8e59 completed successfully","metadata":{}}
{"timestamp":"2026-03-10T00:36:19.037Z","level":"WARN","message":"Timeline event update did not persist during command execution","metadata":{"sessionId":"sess-1c7c8e59","eventId":"1773102979012je4g5qr","updates":{"status":"success","output":"Command executed successfully with no output."}}}
{"timestamp":"2026-03-10T00:36:19.071Z","level":"INFO","message":"Received command execution request for session sess-669f3d2b: echo test","metadata":{}}
{"timestamp":"2026-03-10T00:36:19.087Z","level":"INFO","message":"Command 1773102979081396y4u6 in session sess-669f3d2b completed successfully","metadata":{}}
{"timestamp":"2026-03-10T00:36:19.099Z","level":"ERROR","message":"Failed to update timeline event during command execution","metadata":{"sessionId":"sess-669f3d2b","eventId":"1773102979081396y4u6","error":{}}}
{"timestamp":"2026-03-10T00:36:19.539Z","level":"INFO","message":"Screenshot uploaded: 1773102979531-proof.png for session sess-4a6dfbbb","metadata":{}}
{"timestamp":"2026-03-10T00:36:19.569Z","level":"INFO","message":"Screenshot uploaded: 1773102979563-proof.png for session sess-df533244","metadata":{}}
{"timestamp":"2026-03-10T00:36:19.613Z","level":"INFO","message":"Screenshot uploaded: 1773102979594-proof.png for session sess-81f1a2ee","metadata":{}}
{"timestamp":"2026-03-10T00:36:19.655Z","level":"INFO","message":"Screenshot metadata updated: 1773102979595vh2y24s","metadata":{}}
{"timestamp":"2026-03-10T00:36:20.031Z","level":"INFO","message":"Finding created for session: sess-e6ac4e08","metadata":{}}
{"timestamp":"2026-03-10T00:36:20.055Z","level":"INFO","message":"Finding deleted: 4 from session: sess-e6ac4e08","metadata":{}}
{"timestamp":"2026-03-10T00:38:28.277Z","level":"WARN","message":"Command execution rejected because it is disabled in the current environment","metadata":{"nodeEnv":"production","sessionId":"sess-8741885e"}}
{"timestamp":"2026-03-10T00:38:28.334Z","level":"INFO","message":"Received command execution request for session sess-28416b01: echo test","metadata":{}}
{"timestamp":"2026-03-10T00:38:28.350Z","level":"INFO","message":"Command 1773103108342x5tubsh in session sess-28416b01 completed successfully","metadata":{}}
{"timestamp":"2026-03-10T00:38:28.393Z","level":"INFO","message":"Received command execution request for session sess-207c08c7: sleep 5","metadata":{}}
{"timestamp":"2026-03-10T00:38:29.950Z","level":"INFO","message":"Received command execution request for session sess-fdbb04aa: sleep 10","metadata":{}}
{"timestamp":"2026-03-10T00:38:30.026Z","level":"INFO","message":"Received command execution request for session sess-99ada023: echo test","metadata":{}}
{"timestamp":"2026-03-10T00:38:30.050Z","level":"INFO","message":"Command 1773103110035s3mmi3n in session sess-99ada023 completed successfully","metadata":{}}
{"timestamp":"2026-03-10T00:38:30.064Z","level":"WARN","message":"Timeline event update did not persist during command execution","metadata":{"sessionId":"sess-99ada023","eventId":"1773103110035s3mmi3n","updates":{"status":"success","output":"Command executed successfully with no output."}}}
{"timestamp":"2026-03-10T00:38:30.094Z","level":"INFO","message":"Received command execution request for session sess-939fd031: echo test","metadata":{}}
{"timestamp":"2026-03-10T00:38:30.109Z","level":"INFO","message":"Command 17731031101014dvfwah in session sess-939fd031 completed successfully","metadata":{}}
{"timestamp":"2026-03-10T00:38:30.116Z","level":"ERROR","message":"Failed to update timeline event during command execution","metadata":{"sessionId":"sess-939fd031","eventId":"17731031101014dvfwah","error":{}}}
{"timestamp":"2026-03-10T00:38:31.692Z","level":"INFO","message":"Screenshot uploaded: 1773103111684-proof.png for session sess-2d0f48bf","metadata":{}}
{"timestamp":"2026-03-10T00:38:31.760Z","level":"INFO","message":"Screenshot uploaded: 1773103111719-proof.png for session sess-7278796d","metadata":{}}
{"timestamp":"2026-03-10T00:38:31.792Z","level":"INFO","message":"Screenshot uploaded: 1773103111785-proof.png for session sess-1516de70","metadata":{}}
{"timestamp":"2026-03-10T00:38:31.805Z","level":"INFO","message":"Screenshot metadata updated: 1773103111786o3t5rvl","metadata":{}}
{"timestamp":"2026-03-10T00:38:32.314Z","level":"INFO","message":"Finding created for session: sess-7cbc0fa5","metadata":{}}
{"timestamp":"2026-03-10T00:38:32.340Z","level":"INFO","message":"Finding deleted: 8 from session: sess-7cbc0fa5","metadata":{}}
{"timestamp":"2026-03-10T00:40:45.638Z","level":"WARN","message":"Command execution rejected because it is disabled in the current environment","metadata":{"nodeEnv":"production","sessionId":"sess-67e9b84f"}}
{"timestamp":"2026-03-10T00:40:45.694Z","level":"INFO","message":"Received command execution request for session sess-e3cdb80a: echo test","metadata":{}}
{"timestamp":"2026-03-10T00:40:45.848Z","level":"INFO","message":"Command 1773103245838pwmgdkx in session sess-e3cdb80a completed successfully","metadata":{}}
{"timestamp":"2026-03-10T00:40:45.883Z","level":"INFO","message":"Received command execution request for session sess-3c805d0a: sleep 5","metadata":{}}
{"timestamp":"2026-03-10T00:40:47.435Z","level":"INFO","message":"Received command execution request for session sess-250754cd: sleep 10","metadata":{}}
{"timestamp":"2026-03-10T00:40:47.504Z","level":"INFO","message":"Received command execution request for session sess-73c16880: echo test","metadata":{}}
{"timestamp":"2026-03-10T00:40:47.519Z","level":"INFO","message":"Command 1773103247512hy0xc96 in session sess-73c16880 completed successfully","metadata":{}}
{"timestamp":"2026-03-10T00:40:47.528Z","level":"WARN","message":"Timeline event update did not persist during command execution","metadata":{"sessionId":"sess-73c16880","eventId":"1773103247512hy0xc96","updates":{"status":"success","output":"Command executed successfully with no output."}}}
{"timestamp":"2026-03-10T00:40:47.559Z","level":"INFO","message":"Received command execution request for session sess-c1cec601: echo test","metadata":{}}
{"timestamp":"2026-03-10T00:40:47.578Z","level":"INFO","message":"Command 1773103247569cwei8x3 in session sess-c1cec601 completed successfully","metadata":{}}
{"timestamp":"2026-03-10T00:40:47.586Z","level":"ERROR","message":"Failed to update timeline event during command execution","metadata":{"sessionId":"sess-c1cec601","eventId":"1773103247569cwei8x3","error":{}}}
{"timestamp":"2026-03-10T00:40:48.463Z","level":"INFO","message":"Screenshot uploaded: 1773103248391-proof.png for session sess-73b2f781","metadata":{}}
{"timestamp":"2026-03-10T00:40:48.502Z","level":"INFO","message":"Screenshot uploaded: 1773103248494-proof.png for session sess-368ebb33","metadata":{}}
{"timestamp":"2026-03-10T00:40:48.534Z","level":"INFO","message":"Screenshot uploaded: 1773103248529-proof.png for session sess-7ea6acc9","metadata":{}}
{"timestamp":"2026-03-10T00:40:48.557Z","level":"INFO","message":"Screenshot metadata updated: 1773103248530ko5r1r0","metadata":{}}
{"timestamp":"2026-03-10T00:40:49.173Z","level":"INFO","message":"Finding created for session: sess-4fa3aa5d","metadata":{}}
{"timestamp":"2026-03-10T00:40:49.221Z","level":"INFO","message":"Finding deleted: 8 from session: sess-4fa3aa5d","metadata":{}}
